Info: Starting: Create block symbol file (.bsf)
Info: ip-generate --project-directory=/afs/ualberta.ca/home/s/d/sdwowk/ECE_492_Projects/appnotes/niosII_microc_capstone/ --output-directory=/afs/ualberta.ca/home/s/d/sdwowk/ECE_492_Projects/appnotes/niosII_microc_capstone/niosII_system/ --report-file=bsf:/afs/ualberta.ca/home/s/d/sdwowk/ECE_492_Projects/appnotes/niosII_microc_capstone/niosII_system.bsf --system-info=DEVICE_FAMILY="Cyclone II" --system-info=DEVICE=EP2C35F672C6 --system-info=DEVICE_SPEEDGRADE=6 --component-file=/afs/ualberta.ca/home/s/d/sdwowk/ECE_492_Projects/appnotes/niosII_microc_capstone/niosII_system.qsys
Progress: Loading niosII_microc_capstone/niosII_system.qsys
Progress: Reading input file
Progress: Adding clk_0 [clock_source 12.1]
Progress: Parameterizing module clk_0
Progress: Adding nios2_0 [altera_nios2_qsys 12.1]
Progress: Parameterizing module nios2_0
Progress: Adding onchip_memory2_0 [altera_avalon_onchip_memory2 12.1]
Progress: Parameterizing module onchip_memory2_0
Progress: Adding sysid_qsys_0 [altera_avalon_sysid_qsys 12.1]
Progress: Parameterizing module sysid_qsys_0
Progress: Adding timer_0 [altera_avalon_timer 12.1]
Progress: Parameterizing module timer_0
Progress: Adding jtag_uart_0 [altera_avalon_jtag_uart 12.1]
Progress: Parameterizing module jtag_uart_0
Progress: Adding character_lcd_0 [altera_up_avalon_character_lcd 12.0]
Progress: Parameterizing module character_lcd_0
Progress: Adding sram_0 [altera_up_avalon_sram 12.0]
Progress: Parameterizing module sram_0
Progress: Adding up_clocks_0 [altera_up_clocks 12.0]
Progress: Parameterizing module up_clocks_0
Progress: Adding video_pixel_buffer_dma_0 [altera_up_avalon_video_pixel_buffer_dma 12.0]
Progress: Parameterizing module video_pixel_buffer_dma_0
Progress: Adding video_rgb_resampler_0 [altera_up_avalon_video_rgb_resampler 12.0]
Progress: Parameterizing module video_rgb_resampler_0
Progress: Adding video_vga_controller_0 [altera_up_avalon_video_vga_controller 12.0]
Progress: Parameterizing module video_vga_controller_0
Progress: Adding Altera_UP_SD_Card_Avalon_Interface_0 [Altera_UP_SD_Card_Avalon_Interface 1.0]
Progress: Parameterizing module Altera_UP_SD_Card_Avalon_Interface_0
Progress: Adding video_dual_clock_buffer_0 [altera_up_avalon_video_dual_clock_buffer 12.0]
Progress: Parameterizing module video_dual_clock_buffer_0
Progress: Adding sdram_0 [altera_avalon_new_sdram_controller 12.1]
Progress: Parameterizing module sdram_0
Progress: Building connections
Progress: Parameterizing connections
Progress: Validating
Progress: Done reading input file
Info: niosII_system.onchip_memory2_0: Memory will be initialized from onchip_memory2_0.hex
Info: niosII_system.sysid_qsys_0: System ID is not assigned automatically. Edit the System ID parameter to provide a unique ID
Info: niosII_system.sysid_qsys_0: Time stamp will be automatically updated when this component is generated.
Info: niosII_system.video_rgb_resampler_0: RGB Resampling: 8 (bits) x 1 (planes) -> 10 (bits) x 3 (planes)
Info: niosII_system.video_vga_controller_0: Video Output Stream: Format: 640 x 480 with Color: 10 (bits) x 3 (planes)
Info: ip-generate succeeded.
Info: Finished: Create block symbol file (.bsf)
Info: 
Info: Starting: Create HDL design files for synthesis
Info: ip-generate --project-directory=/afs/ualberta.ca/home/s/d/sdwowk/ECE_492_Projects/appnotes/niosII_microc_capstone/ --output-directory=/afs/ualberta.ca/home/s/d/sdwowk/ECE_492_Projects/appnotes/niosII_microc_capstone/niosII_system/synthesis/ --file-set=QUARTUS_SYNTH --report-file=sopcinfo:/afs/ualberta.ca/home/s/d/sdwowk/ECE_492_Projects/appnotes/niosII_microc_capstone/niosII_system.sopcinfo --report-file=html:/afs/ualberta.ca/home/s/d/sdwowk/ECE_492_Projects/appnotes/niosII_microc_capstone/niosII_system.html --report-file=qip:/afs/ualberta.ca/home/s/d/sdwowk/ECE_492_Projects/appnotes/niosII_microc_capstone/niosII_system/synthesis/niosII_system.qip --report-file=cmp:/afs/ualberta.ca/home/s/d/sdwowk/ECE_492_Projects/appnotes/niosII_microc_capstone/niosII_system.cmp --system-info=DEVICE_FAMILY="Cyclone II" --system-info=DEVICE=EP2C35F672C6 --system-info=DEVICE_SPEEDGRADE=6 --component-file=/afs/ualberta.ca/home/s/d/sdwowk/ECE_492_Projects/appnotes/niosII_microc_capstone/niosII_system.qsys
Progress: Loading niosII_microc_capstone/niosII_system.qsys
Progress: Reading input file
Progress: Adding clk_0 [clock_source 12.1]
Progress: Parameterizing module clk_0
Progress: Adding nios2_0 [altera_nios2_qsys 12.1]
Progress: Parameterizing module nios2_0
Progress: Adding onchip_memory2_0 [altera_avalon_onchip_memory2 12.1]
Progress: Parameterizing module onchip_memory2_0
Progress: Adding sysid_qsys_0 [altera_avalon_sysid_qsys 12.1]
Progress: Parameterizing module sysid_qsys_0
Progress: Adding timer_0 [altera_avalon_timer 12.1]
Progress: Parameterizing module timer_0
Progress: Adding jtag_uart_0 [altera_avalon_jtag_uart 12.1]
Progress: Parameterizing module jtag_uart_0
Progress: Adding character_lcd_0 [altera_up_avalon_character_lcd 12.0]
Progress: Parameterizing module character_lcd_0
Progress: Adding sram_0 [altera_up_avalon_sram 12.0]
Progress: Parameterizing module sram_0
Progress: Adding up_clocks_0 [altera_up_clocks 12.0]
Progress: Parameterizing module up_clocks_0
Progress: Adding video_pixel_buffer_dma_0 [altera_up_avalon_video_pixel_buffer_dma 12.0]
Progress: Parameterizing module video_pixel_buffer_dma_0
Progress: Adding video_rgb_resampler_0 [altera_up_avalon_video_rgb_resampler 12.0]
Progress: Parameterizing module video_rgb_resampler_0
Progress: Adding video_vga_controller_0 [altera_up_avalon_video_vga_controller 12.0]
Progress: Parameterizing module video_vga_controller_0
Progress: Adding Altera_UP_SD_Card_Avalon_Interface_0 [Altera_UP_SD_Card_Avalon_Interface 1.0]
Progress: Parameterizing module Altera_UP_SD_Card_Avalon_Interface_0
Progress: Adding video_dual_clock_buffer_0 [altera_up_avalon_video_dual_clock_buffer 12.0]
Progress: Parameterizing module video_dual_clock_buffer_0
Progress: Adding sdram_0 [altera_avalon_new_sdram_controller 12.1]
Progress: Parameterizing module sdram_0
Progress: Building connections
Progress: Parameterizing connections
Progress: Validating
Progress: Done reading input file
Info: niosII_system.onchip_memory2_0: Memory will be initialized from onchip_memory2_0.hex
Info: niosII_system.sysid_qsys_0: System ID is not assigned automatically. Edit the System ID parameter to provide a unique ID
Info: niosII_system.sysid_qsys_0: Time stamp will be automatically updated when this component is generated.
Info: niosII_system.video_rgb_resampler_0: RGB Resampling: 8 (bits) x 1 (planes) -> 10 (bits) x 3 (planes)
Info: niosII_system.video_vga_controller_0: Video Output Stream: Format: 640 x 480 with Color: 10 (bits) x 3 (planes)
Info: niosII_system: Generating niosII_system "niosII_system" for QUARTUS_SYNTH
Info: pipeline_bridge_swap_transform: After transform: 15 modules, 79 connections
Info: No custom instruction connections, skipping transform 
Info: merlin_translator_transform: After transform: 28 modules, 144 connections
Info: merlin_domain_transform: After transform: 52 modules, 343 connections
Info: merlin_router_transform: After transform: 65 modules, 408 connections
Info: merlin_traffic_limiter_transform: After transform: 67 modules, 420 connections
Info: merlin_burst_transform: After transform: 77 modules, 470 connections
Info: reset_adaptation_transform: After transform: 80 modules, 304 connections
Info: merlin_network_to_switch_transform: After transform: 105 modules, 358 connections
Info: merlin_width_transform: After transform: 115 modules, 388 connections
Info: limiter_update_transform: After transform: 115 modules, 390 connections
Info: merlin_interrupt_mapper_transform: After transform: 116 modules, 393 connections
Info: nios2_0: Starting RTL generation for module 'niosII_system_nios2_0'
Info: nios2_0:   Generation command is [exec /OPT/altera/12.1/quartus/../ip/altera/nios2_ip/altera_nios2/eperl -I /OPT/altera/12.1/quartus/common/ip/altera/common/perl/5.8.3 -I /OPT/altera/12.1/quartus/sopc_builder/bin/europa -I /OPT/altera/12.1/quartus/sopc_builder/bin/perl_lib -I /OPT/altera/12.1/quartus/sopc_builder/bin -I /OPT/altera/12.1/quartus/../ip/altera/nios2_ip/altera_nios2/cpu_lib -I /OPT/altera/12.1/quartus/../ip/altera/nios2_ip/altera_nios2/nios_lib -I /OPT/altera/12.1/quartus/../ip/altera/nios2_ip/altera_nios2 -I /OPT/altera/12.1/quartus/../ip/altera/nios2_ip/altera_nios2 -- /OPT/altera/12.1/quartus/../ip/altera/nios2_ip/altera_nios2/generate_rtl.epl --name=niosII_system_nios2_0 --dir=/tmp/alt7245_2354359091102457027.dir/0008_nios2_0_gen/ --quartus_dir=/OPT/altera/12.1/quartus --verilog --config=/tmp/alt7245_2354359091102457027.dir/0008_nios2_0_gen//niosII_system_nios2_0_processor_configuration.pl  --do_build_sim=0    --bogus  ]
Info: nios2_0: # 2017.03.20 09:03:08 (*) Starting Nios II generation
Info: nios2_0: # 2017.03.20 09:03:08 (*)   Checking for plaintext license.
Info: nios2_0: # 2017.03.20 09:03:09 (*)   Couldn't query license setup in Quartus directory /OPT/altera/12.1/quartus
Info: nios2_0: # 2017.03.20 09:03:09 (*)   Defaulting to contents of LM_LICENSE_FILE environment variable
Info: nios2_0: # 2017.03.20 09:03:09 (*)   Plaintext license not found.
Info: nios2_0: # 2017.03.20 09:03:09 (*)   Checking for encrypted license (non-evaluation).
Info: nios2_0: # 2017.03.20 09:03:10 (*)   Couldn't query license setup in Quartus directory /OPT/altera/12.1/quartus
Info: nios2_0: # 2017.03.20 09:03:10 (*)   Defaulting to contents of LM_LICENSE_FILE environment variable
Info: nios2_0: # 2017.03.20 09:03:10 (*)   Encrypted license found.  SOF will not be time-limited.
Info: nios2_0: # 2017.03.20 09:03:10 (*)   Elaborating CPU configuration settings
Info: nios2_0: # 2017.03.20 09:03:10 (*)   Creating all objects for CPU
Info: nios2_0: # 2017.03.20 09:03:10 (*)     Testbench
Info: nios2_0: # 2017.03.20 09:03:10 (*)     Instruction decoding
Info: nios2_0: # 2017.03.20 09:03:10 (*)       Instruction fields
Info: nios2_0: # 2017.03.20 09:03:10 (*)       Instruction decodes
Info: nios2_0: # 2017.03.20 09:03:11 (*)       Signals for RTL simulation waveforms
Info: nios2_0: # 2017.03.20 09:03:11 (*)       Instruction controls
Info: nios2_0: # 2017.03.20 09:03:11 (*)     Pipeline frontend
Info: nios2_0: # 2017.03.20 09:03:11 (*)     Pipeline backend
Info: nios2_0: # 2017.03.20 09:03:13 (*)   Generating RTL from CPU objects
Info: nios2_0: # 2017.03.20 09:03:17 (*)   Creating encrypted RTL
Info: nios2_0: # 2017.03.20 09:03:18 (*) Done Nios II generation
Info: nios2_0: Done RTL generation for module 'niosII_system_nios2_0'
Info: nios2_0: "niosII_system" instantiated altera_nios2_qsys "nios2_0"
Info: Starting classic module elaboration.
"/OPT/altera/12.1/quartus/linux/jre/bin/java" -Xmx512M -classpath "/OPT/altera/12.1/quartus/sopc_builder/bin/sopc_builder.jar:/OPT/altera/12.1/quartus/sopc_builder/bin/PinAssigner.jar:/OPT/altera/12.1/quartus/sopc_builder/bin/sopc_wizard.jar:/OPT/altera/12.1/quartus/sopc_builder/bin/jptf.jar" sopc_builder.sopc_builder  -d"/OPT/altera/12.1/quartus/sopc_builder" -notalkback=1 -projectnameyysystem.qpf -projectpath/tmp/alt7245_2354359091102457027.dir/0009_sopclgen  --no_splash --refresh /tmp/alt7245_2354359091102457027.dir/0009_sopclgen/yysystem.v --quartus_dir="/OPT/altera/12.1/quartus" --sopc_perl="/OPT/altera/12.1/quartus/linux/perl" --sopc_lib_path="++/OPT/altera/12.1/quartus/../ip/altera/sopc_builder_ip+/OPT/altera/12.1/quartus/../ip/altera/nios2_ip"
(java:7050): Gtk-WARNING **: Unable to locate theme engine in module_path: "adwaita",
(java:7050): Gtk-WARNING **: Unable to locate theme engine in module_path: "adwaita",
Gtk-Message: Failed to load module "pk-gtk-module"
Gtk-Message: Failed to load module "canberra-gtk-module"
Info: Finished elaborating classic module.
Executing: /OPT/altera/12.1/quartus//sopc_builder/bin/sopc_builder --classic --generate /tmp/alt7245_2354359091102457027.dir/0009_sopclgen/yysystem.ptf
Info: Running sopc_builder...
"/OPT/altera/12.1/quartus//linux/jre/bin/java" -Xmx512M -classpath "/OPT/altera/12.1/quartus//sopc_builder/bin/sopc_builder.jar:/OPT/altera/12.1/quartus//sopc_builder/bin/PinAssigner.jar:/OPT/altera/12.1/quartus//sopc_builder/bin/sopc_wizard.jar:/OPT/altera/12.1/quartus//sopc_builder/bin/jptf.jar" sopc_builder.sopc_builder  -d"/OPT/altera/12.1/quartus//sopc_builder" -notalkback=1 -projectnameyysystem.qpf -projectpath/tmp/alt7245_2354359091102457027.dir/0009_sopclgen  --generate /tmp/alt7245_2354359091102457027.dir/0009_sopclgen/yysystem.v --quartus_dir="/OPT/altera/12.1/quartus/" --sopc_perl="/OPT/altera/12.1/quartus//linux/perl" --sopc_lib_path="++/OPT/altera/12.1/quartus//../ip/altera/sopc_builder_ip+/OPT/altera/12.1/quartus//../ip/altera/nios2_ip"
(java:7091): Gtk-WARNING **: Unable to locate theme engine in module_path: "adwaita",
(java:7091): Gtk-WARNING **: Unable to locate theme engine in module_path: "adwaita",
Gtk-Message: Failed to load module "pk-gtk-module"
Gtk-Message: Failed to load module "canberra-gtk-module"
.
# 2017.03.20 09:03:21 (*) Success: sopc_builder finished.
Info: onchip_memory2_0: "niosII_system" instantiated altera_avalon_onchip_memory2 "onchip_memory2_0"
Info: sysid_qsys_0: "niosII_system" instantiated altera_avalon_sysid_qsys "sysid_qsys_0"
Info: Starting classic module elaboration.
"/OPT/altera/12.1/quartus/linux/jre/bin/java" -Xmx512M -classpath "/OPT/altera/12.1/quartus/sopc_builder/bin/sopc_builder.jar:/OPT/altera/12.1/quartus/sopc_builder/bin/PinAssigner.jar:/OPT/altera/12.1/quartus/sopc_builder/bin/sopc_wizard.jar:/OPT/altera/12.1/quartus/sopc_builder/bin/jptf.jar" sopc_builder.sopc_builder  -d"/OPT/altera/12.1/quartus/sopc_builder" -notalkback=1 -projectnameyysystem.qpf -projectpath/tmp/alt7245_2354359091102457027.dir/0011_sopclgen  --no_splash --refresh /tmp/alt7245_2354359091102457027.dir/0011_sopclgen/yysystem.v --quartus_dir="/OPT/altera/12.1/quartus" --sopc_perl="/OPT/altera/12.1/quartus/linux/perl" --sopc_lib_path="++/OPT/altera/12.1/quartus/../ip/altera/sopc_builder_ip+/OPT/altera/12.1/quartus/../ip/altera/nios2_ip"
(java:7146): Gtk-WARNING **: Unable to locate theme engine in module_path: "adwaita",
(java:7146): Gtk-WARNING **: Unable to locate theme engine in module_path: "adwaita",
Gtk-Message: Failed to load module "pk-gtk-module"
Gtk-Message: Failed to load module "canberra-gtk-module"
Info: Finished elaborating classic module.
Executing: /OPT/altera/12.1/quartus//sopc_builder/bin/sopc_builder --classic --generate /tmp/alt7245_2354359091102457027.dir/0011_sopclgen/yysystem.ptf
Info: Running sopc_builder...
"/OPT/altera/12.1/quartus//linux/jre/bin/java" -Xmx512M -classpath "/OPT/altera/12.1/quartus//sopc_builder/bin/sopc_builder.jar:/OPT/altera/12.1/quartus//sopc_builder/bin/PinAssigner.jar:/OPT/altera/12.1/quartus//sopc_builder/bin/sopc_wizard.jar:/OPT/altera/12.1/quartus//sopc_builder/bin/jptf.jar" sopc_builder.sopc_builder  -d"/OPT/altera/12.1/quartus//sopc_builder" -notalkback=1 -projectnameyysystem.qpf -projectpath/tmp/alt7245_2354359091102457027.dir/0011_sopclgen  --generate /tmp/alt7245_2354359091102457027.dir/0011_sopclgen/yysystem.v --quartus_dir="/OPT/altera/12.1/quartus/" --sopc_perl="/OPT/altera/12.1/quartus//linux/perl" --sopc_lib_path="++/OPT/altera/12.1/quartus//../ip/altera/sopc_builder_ip+/OPT/altera/12.1/quartus//../ip/altera/nios2_ip"
(java:7180): Gtk-WARNING **: Unable to locate theme engine in module_path: "adwaita",
(java:7180): Gtk-WARNING **: Unable to locate theme engine in module_path: "adwaita",
Gtk-Message: Failed to load module "pk-gtk-module"
Gtk-Message: Failed to load module "canberra-gtk-module"
.
# 2017.03.20 09:03:25 (*) Success: sopc_builder finished.
Info: timer_0: "niosII_system" instantiated altera_avalon_timer "timer_0"
Info: Starting classic module elaboration.
"/OPT/altera/12.1/quartus/linux/jre/bin/java" -Xmx512M -classpath "/OPT/altera/12.1/quartus/sopc_builder/bin/sopc_builder.jar:/OPT/altera/12.1/quartus/sopc_builder/bin/PinAssigner.jar:/OPT/altera/12.1/quartus/sopc_builder/bin/sopc_wizard.jar:/OPT/altera/12.1/quartus/sopc_builder/bin/jptf.jar" sopc_builder.sopc_builder  -d"/OPT/altera/12.1/quartus/sopc_builder" -notalkback=1 -projectnameyysystem.qpf -projectpath/tmp/alt7245_2354359091102457027.dir/0012_sopclgen  --no_splash --refresh /tmp/alt7245_2354359091102457027.dir/0012_sopclgen/yysystem.v --quartus_dir="/OPT/altera/12.1/quartus" --sopc_perl="/OPT/altera/12.1/quartus/linux/perl" --sopc_lib_path="++/OPT/altera/12.1/quartus/../ip/altera/sopc_builder_ip+/OPT/altera/12.1/quartus/../ip/altera/nios2_ip"
(java:7226): Gtk-WARNING **: Unable to locate theme engine in module_path: "adwaita",
(java:7226): Gtk-WARNING **: Unable to locate theme engine in module_path: "adwaita",
Gtk-Message: Failed to load module "pk-gtk-module"
Gtk-Message: Failed to load module "canberra-gtk-module"
Info: Finished elaborating classic module.
Executing: /OPT/altera/12.1/quartus//sopc_builder/bin/sopc_builder --classic --generate /tmp/alt7245_2354359091102457027.dir/0012_sopclgen/yysystem.ptf
Info: Running sopc_builder...
"/OPT/altera/12.1/quartus//linux/jre/bin/java" -Xmx512M -classpath "/OPT/altera/12.1/quartus//sopc_builder/bin/sopc_builder.jar:/OPT/altera/12.1/quartus//sopc_builder/bin/PinAssigner.jar:/OPT/altera/12.1/quartus//sopc_builder/bin/sopc_wizard.jar:/OPT/altera/12.1/quartus//sopc_builder/bin/jptf.jar" sopc_builder.sopc_builder  -d"/OPT/altera/12.1/quartus//sopc_builder" -notalkback=1 -projectnameyysystem.qpf -projectpath/tmp/alt7245_2354359091102457027.dir/0012_sopclgen  --generate /tmp/alt7245_2354359091102457027.dir/0012_sopclgen/yysystem.v --quartus_dir="/OPT/altera/12.1/quartus/" --sopc_perl="/OPT/altera/12.1/quartus//linux/perl" --sopc_lib_path="++/OPT/altera/12.1/quartus//../ip/altera/sopc_builder_ip+/OPT/altera/12.1/quartus//../ip/altera/nios2_ip"
(java:7269): Gtk-WARNING **: Unable to locate theme engine in module_path: "adwaita",
(java:7269): Gtk-WARNING **: Unable to locate theme engine in module_path: "adwaita",
Gtk-Message: Failed to load module "pk-gtk-module"
Gtk-Message: Failed to load module "canberra-gtk-module"
.
# 2017.03.20 09:03:29 (*) Success: sopc_builder finished.
Info: jtag_uart_0: "niosII_system" instantiated altera_avalon_jtag_uart "jtag_uart_0"
Info: character_lcd_0: Starting Generation of Character LCD
Info: character_lcd_0: "niosII_system" instantiated altera_up_avalon_character_lcd "character_lcd_0"
Info: sram_0: Starting Generation of SRAM or SSRAM Controller
Info: sram_0: "niosII_system" instantiated altera_up_avalon_sram "sram_0"
Info: up_clocks_0: Starting Generation of Required Clocks for DE-Series Boards
Info: up_clocks_0: "niosII_system" instantiated altera_up_clocks "up_clocks_0"
Info: video_pixel_buffer_dma_0: Starting Generation of VGA Pixel Buffer
Info: video_pixel_buffer_dma_0: "niosII_system" instantiated altera_up_avalon_video_pixel_buffer_dma "video_pixel_buffer_dma_0"
Info: video_rgb_resampler_0: Starting Generation of Video RGB Resampler
Info: video_rgb_resampler_0: "niosII_system" instantiated altera_up_avalon_video_rgb_resampler "video_rgb_resampler_0"
Info: video_vga_controller_0: Starting Generation of VGA Controller
Info: video_vga_controller_0: "niosII_system" instantiated altera_up_avalon_video_vga_controller "video_vga_controller_0"
Info: Altera_UP_SD_Card_Avalon_Interface_0: "niosII_system" instantiated Altera_UP_SD_Card_Avalon_Interface "Altera_UP_SD_Card_Avalon_Interface_0"
Info: video_dual_clock_buffer_0: Starting Generation of the Dual Clock Buffer
Info: video_dual_clock_buffer_0: "niosII_system" instantiated altera_up_avalon_video_dual_clock_buffer "video_dual_clock_buffer_0"
Info: Starting classic module elaboration.
"/OPT/altera/12.1/quartus/linux/jre/bin/java" -Xmx512M -classpath "/OPT/altera/12.1/quartus/sopc_builder/bin/sopc_builder.jar:/OPT/altera/12.1/quartus/sopc_builder/bin/PinAssigner.jar:/OPT/altera/12.1/quartus/sopc_builder/bin/sopc_wizard.jar:/OPT/altera/12.1/quartus/sopc_builder/bin/jptf.jar" sopc_builder.sopc_builder  -d"/OPT/altera/12.1/quartus/sopc_builder" -notalkback=1 -projectnameyysystem.qpf -projectpath/tmp/alt7245_2354359091102457027.dir/0020_sopclgen  --no_splash --refresh /tmp/alt7245_2354359091102457027.dir/0020_sopclgen/yysystem.v --quartus_dir="/OPT/altera/12.1/quartus" --sopc_perl="/OPT/altera/12.1/quartus/linux/perl" --sopc_lib_path="++/OPT/altera/12.1/quartus/../ip/altera/sopc_builder_ip+/OPT/altera/12.1/quartus/../ip/altera/nios2_ip"
(java:7324): Gtk-WARNING **: Unable to locate theme engine in module_path: "adwaita",
(java:7324): Gtk-WARNING **: Unable to locate theme engine in module_path: "adwaita",
Gtk-Message: Failed to load module "pk-gtk-module"
Gtk-Message: Failed to load module "canberra-gtk-module"
Info: Finished elaborating classic module.
Executing: /OPT/altera/12.1/quartus//sopc_builder/bin/sopc_builder --classic --generate /tmp/alt7245_2354359091102457027.dir/0020_sopclgen/yysystem.ptf
Info: Running sopc_builder...
"/OPT/altera/12.1/quartus//linux/jre/bin/java" -Xmx512M -classpath "/OPT/altera/12.1/quartus//sopc_builder/bin/sopc_builder.jar:/OPT/altera/12.1/quartus//sopc_builder/bin/PinAssigner.jar:/OPT/altera/12.1/quartus//sopc_builder/bin/sopc_wizard.jar:/OPT/altera/12.1/quartus//sopc_builder/bin/jptf.jar" sopc_builder.sopc_builder  -d"/OPT/altera/12.1/quartus//sopc_builder" -notalkback=1 -projectnameyysystem.qpf -projectpath/tmp/alt7245_2354359091102457027.dir/0020_sopclgen  --generate /tmp/alt7245_2354359091102457027.dir/0020_sopclgen/yysystem.v --quartus_dir="/OPT/altera/12.1/quartus/" --sopc_perl="/OPT/altera/12.1/quartus//linux/perl" --sopc_lib_path="++/OPT/altera/12.1/quartus//../ip/altera/sopc_builder_ip+/OPT/altera/12.1/quartus//../ip/altera/nios2_ip"
(java:7358): Gtk-WARNING **: Unable to locate theme engine in module_path: "adwaita",
(java:7358): Gtk-WARNING **: Unable to locate theme engine in module_path: "adwaita",
Gtk-Message: Failed to load module "pk-gtk-module"
Gtk-Message: Failed to load module "canberra-gtk-module"
.
.
# 2017.03.20 09:03:34 (*) Running Test Generator Program for niosII_system_sdram_0
# 2017.03.20 09:03:35 (*) Success: sopc_builder finished.
Info: sdram_0: "niosII_system" instantiated altera_avalon_new_sdram_controller "sdram_0"
Info: nios2_0_instruction_master_translator: "niosII_system" instantiated altera_merlin_master_translator "nios2_0_instruction_master_translator"
Info: nios2_0_jtag_debug_module_translator: "niosII_system" instantiated altera_merlin_slave_translator "nios2_0_jtag_debug_module_translator"
Info: nios2_0_instruction_master_translator_avalon_universal_master_0_agent: "niosII_system" instantiated altera_merlin_master_agent "nios2_0_instruction_master_translator_avalon_universal_master_0_agent"
Info: nios2_0_jtag_debug_module_translator_avalon_universal_slave_0_agent: "niosII_system" instantiated altera_merlin_slave_agent "nios2_0_jtag_debug_module_translator_avalon_universal_slave_0_agent"
Info: nios2_0_jtag_debug_module_translator_avalon_universal_slave_0_agent_rsp_fifo: "niosII_system" instantiated altera_avalon_sc_fifo "nios2_0_jtag_debug_module_translator_avalon_universal_slave_0_agent_rsp_fifo"
Info: addr_router: "niosII_system" instantiated altera_merlin_router "addr_router"
Info: addr_router_001: "niosII_system" instantiated altera_merlin_router "addr_router_001"
Info: addr_router_002: "niosII_system" instantiated altera_merlin_router "addr_router_002"
Info: id_router: "niosII_system" instantiated altera_merlin_router "id_router"
Info: id_router_002: "niosII_system" instantiated altera_merlin_router "id_router_002"
Info: id_router_003: "niosII_system" instantiated altera_merlin_router "id_router_003"
Info: id_router_004: "niosII_system" instantiated altera_merlin_router "id_router_004"
Info: id_router_007: "niosII_system" instantiated altera_merlin_router "id_router_007"
Info: limiter: "niosII_system" instantiated altera_merlin_traffic_limiter "limiter"
Info: burst_adapter: "niosII_system" instantiated altera_merlin_burst_adapter "burst_adapter"
Info: rst_controller: "niosII_system" instantiated altera_reset_controller "rst_controller"
Info: cmd_xbar_demux: "niosII_system" instantiated altera_merlin_demultiplexer "cmd_xbar_demux"
Info: cmd_xbar_demux_001: "niosII_system" instantiated altera_merlin_demultiplexer "cmd_xbar_demux_001"
Info: cmd_xbar_demux_002: "niosII_system" instantiated altera_merlin_demultiplexer "cmd_xbar_demux_002"
Info: cmd_xbar_mux: "niosII_system" instantiated altera_merlin_multiplexer "cmd_xbar_mux"
Info: cmd_xbar_mux_002: "niosII_system" instantiated altera_merlin_multiplexer "cmd_xbar_mux_002"
Info: Reusing file /afs/ualberta.ca/home/s/d/sdwowk/ECE_492_Projects/appnotes/niosII_microc_capstone/niosII_system/synthesis/submodules/altera_merlin_arbitrator.sv
Info: rsp_xbar_demux: "niosII_system" instantiated altera_merlin_demultiplexer "rsp_xbar_demux"
Info: rsp_xbar_demux_002: "niosII_system" instantiated altera_merlin_demultiplexer "rsp_xbar_demux_002"
Info: rsp_xbar_demux_004: "niosII_system" instantiated altera_merlin_demultiplexer "rsp_xbar_demux_004"
Info: rsp_xbar_mux: "niosII_system" instantiated altera_merlin_multiplexer "rsp_xbar_mux"
Info: Reusing file /afs/ualberta.ca/home/s/d/sdwowk/ECE_492_Projects/appnotes/niosII_microc_capstone/niosII_system/synthesis/submodules/altera_merlin_arbitrator.sv
Info: rsp_xbar_mux_001: "niosII_system" instantiated altera_merlin_multiplexer "rsp_xbar_mux_001"
Info: Reusing file /afs/ualberta.ca/home/s/d/sdwowk/ECE_492_Projects/appnotes/niosII_microc_capstone/niosII_system/synthesis/submodules/altera_merlin_arbitrator.sv
Info: width_adapter: "niosII_system" instantiated altera_merlin_width_adapter "width_adapter"
Info: Reusing file /afs/ualberta.ca/home/s/d/sdwowk/ECE_492_Projects/appnotes/niosII_microc_capstone/niosII_system/synthesis/submodules/altera_merlin_burst_uncompressor.sv
Info: Reusing file /afs/ualberta.ca/home/s/d/sdwowk/ECE_492_Projects/appnotes/niosII_microc_capstone/niosII_system/synthesis/submodules/altera_merlin_address_alignment.sv
Info: irq_mapper: "niosII_system" instantiated altera_irq_mapper "irq_mapper"
Info: niosII_system: Done niosII_system" with 43 modules, 192 files, 4099039 bytes
Info: ip-generate succeeded.
Info: Finished: Create HDL design files for synthesis
